[1/24] xstate-01 ... 40.3s, hits=3/4, violations=2
[2/24] xstate-02 ... 3.2s, hits=2/3, violations=1
[3/24] xstate-03 ... 5.8s, hits=4/4, violations=0
[4/24] xstate-04 ... 6.6s, hits=2/2, violations=0
[5/24] xstate-05 ... 1.3s, hits=1/3, violations=2
[6/24] fp-01 ... 3.7s, hits=4/4, violations=0
[7/24] fp-02 ... 3.7s, hits=3/3, violations=0
[8/24] fp-03 ... 1.9s, hits=3/3, violations=0
[9/24] fp-04 ... 2.3s, hits=3/3, violations=0
[10/24] fp-05 ... 8.1s, hits=1/3, violations=0
[11/24] rx-01 ... 2.7s, hits=3/3, violations=1
[12/24] rx-02 ... 2.4s, hits=3/3, violations=0
[13/24] rx-03 ... 3.2s, hits=2/2, violations=0
[14/24] rx-04 ... 4.0s, hits=2/2, violations=0
[15/24] rx-05 ... 2.5s, hits=3/3, violations=0
[16/24] es-01 ... 3.4s, hits=4/4, violations=1
[17/24] es-02 ... 3.7s, hits=3/3, violations=0
[18/24] es-03 ... 10.8s, hits=3/3, violations=0
[19/24] es-04 ... 3.9s, hits=2/3, violations=0
[20/24] es-05 ... 5.5s, hits=2/3, violations=0
[21/24] cap-01 ... 0.9s, hits=2/2, violations=0
[22/24] cap-02 ... 0.5s, hits=2/2, violations=0
[23/24] cap-03 ... 0.8s, hits=2/2, violations=0
[24/24] cap-04 ... 1.0s, hits=0/3, violations=1

Wrote /home/zzhang/dev/ai/models/forge/v0/results/base.raw.json. Next: python v0/grade.py base.raw.json
