[1/24] xstate-01 ... 71.0s, hits=4/4, violations=0
[2/24] xstate-02 ... 45.8s, hits=2/3, violations=0
[3/24] xstate-03 ... 25.5s, hits=4/4, violations=0
[4/24] xstate-04 ... 29.2s, hits=2/2, violations=1
[5/24] xstate-05 ... 21.2s, hits=1/3, violations=1
[6/24] fp-01 ... 17.0s, hits=4/4, violations=0
[7/24] fp-02 ... 31.2s, hits=2/3, violations=0
[8/24] fp-03 ... 12.8s, hits=3/3, violations=1
[9/24] fp-04 ... 10.7s, hits=3/3, violations=0
[10/24] fp-05 ... 18.8s, hits=1/3, violations=0
[11/24] rx-01 ... 8.0s, hits=3/3, violations=1
[12/24] rx-02 ... 16.2s, hits=3/3, violations=0
[13/24] rx-03 ... 9.0s, hits=2/2, violations=0
[14/24] rx-04 ... 15.3s, hits=2/2, violations=0
[15/24] rx-05 ... 20.1s, hits=3/3, violations=0
[16/24] es-01 ... 28.9s, hits=4/4, violations=0
[17/24] es-02 ... 16.1s, hits=3/3, violations=0
[18/24] es-03 ... 24.8s, hits=2/3, violations=0
[19/24] es-04 ... 19.2s, hits=2/3, violations=0
[20/24] es-05 ... 10.6s, hits=2/3, violations=0
[21/24] cap-01 ... 13.1s, hits=2/2, violations=0
[22/24] cap-02 ... 5.4s, hits=0/2, violations=0
[23/24] cap-03 ... 4.5s, hits=1/2, violations=0
[24/24] cap-04 ... 8.1s, hits=0/3, violations=1

Wrote /home/zzhang/dev/ai/models/forge/v0/results/base.raw.json. Next: python v0/grade.py base.raw.json
